# JRE version: Java(TM) SE Runtime Environment 18.9 (11.0.9+7) (build 11.0.9+7-LTS)
# Java VM: Java HotSpot(TM) 64-Bit Server VM 18.9 (11.0.9+7-LTS, mixed mode, tiered, compressed oops, g1 gc, windows-amd64)
Heap:
 garbage-first heap   total 393216K, used 55808K [0x0000000740e00000, 0x0000000800000000)
  region size 1024K, 11 young (11264K), 11 survivors (11264K)
 Metaspace       used 34585K, capacity 35422K, committed 35632K, reserved 1081344K
  class space    used 3565K, capacity 3861K, committed 3968K, reserved 1048576K
GC Heap History (10 events):
Event: 3.103 GC heap after
{Heap after GC invocations=4 (full 0):
 garbage-first heap   total 196608K, used 12004K [0x0000000740e00000, 0x0000000800000000)
  region size 1024K, 3 young (3072K), 3 survivors (3072K)
 Metaspace       used 21151K, capacity 21445K, committed 21808K, reserved 1069056K
  class space    used 2212K, capacity 2320K, committed 2432K, reserved 1048576K
}
Event: 3.720 GC heap before
{Heap before GC invocations=4 (full 0):
 garbage-first heap   total 196608K, used 51940K [0x0000000740e00000, 0x0000000800000000)
  region size 1024K, 42 young (43008K), 3 survivors (3072K)
 Metaspace       used 21758K, capacity 22070K, committed 22320K, reserved 1069056K
  class space    used 2232K, capacity 2357K, committed 2432K, reserved 1048576K
}
Event: 3.724 GC heap after
{Heap after GC invocations=5 (full 0):
 garbage-first heap   total 196608K, used 13512K [0x0000000740e00000, 0x0000000800000000)
  region size 1024K, 5 young (5120K), 5 survivors (5120K)
 Metaspace       used 21758K, capacity 22070K, committed 22320K, reserved 1069056K
  class space    used 2232K, capacity 2357K, committed 2432K, reserved 1048576K
}
Event: 4.894 GC heap before
{Heap before GC invocations=5 (full 0):
 garbage-first heap   total 196608K, used 71880K [0x0000000740e00000, 0x0000000800000000)
  region size 1024K, 62 young (63488K), 5 survivors (5120K)
 Metaspace       used 22904K, capacity 23375K, committed 23472K, reserved 1071104K
  class space    used 2343K, capacity 2535K, committed 2560K, reserved 1048576K
}
Event: 4.899 GC heap after
{Heap after GC invocations=6 (full 0):
 garbage-first heap   total 196608K, used 15328K [0x0000000740e00000, 0x0000000800000000)
  region size 1024K, 6 young (6144K), 6 survivors (6144K)
 Metaspace       used 22904K, capacity 23375K, committed 23472K, reserved 1071104K
  class space    used 2343K, capacity 2535K, committed 2560K, reserved 1048576K
}
Event: 7.040 GC heap before
{Heap before GC invocations=6 (full 0):
 garbage-first heap   total 196608K, used 90080K [0x0000000740e00000, 0x0000000800000000)
  region size 1024K, 80 young (81920K), 6 survivors (6144K)
 Metaspace       used 31414K, capacity 32069K, committed 32176K, reserved 1077248K
  class space    used 3292K, capacity 3543K, committed 3584K, reserved 1048576K
}
Event: 7.057 GC heap after
{Heap after GC invocations=7 (full 0):
 garbage-first heap   total 196608K, used 25463K [0x0000000740e00000, 0x0000000800000000)
  region size 1024K, 10 young (10240K), 10 survivors (10240K)
 Metaspace       used 31414K, capacity 32069K, committed 32176K, reserved 1077248K
  class space    used 3292K, capacity 3543K, committed 3584K, reserved 1048576K
}
Event: 8.012 GC heap before
{Heap before GC invocations=7 (full 0):
 garbage-first heap   total 196608K, used 95095K [0x0000000740e00000, 0x0000000800000000)
  region size 1024K, 78 young (79872K), 10 survivors (10240K)
 Metaspace       used 32434K, capacity 33130K, committed 33328K, reserved 1079296K
  class space    used 3352K, capacity 3615K, committed 3712K, reserved 1048576K
}
Event: 8.036 GC heap after
{Heap after GC invocations=8 (full 0):
 garbage-first heap   total 196608K, used 41549K [0x0000000740e00000, 0x0000000800000000)
  region size 1024K, 10 young (10240K), 10 survivors (10240K)
 Metaspace       used 32434K, capacity 33130K, committed 33328K, reserved 1079296K
  class space    used 3352K, capacity 3615K, committed 3712K, reserved 1048576K
}
Event: 8.653 GC heap before
{Heap before GC invocations=8 (full 0):
 garbage-first heap   total 196608K, used 121421K [0x0000000740e00000, 0x0000000800000000)
  region size 1024K, 87 young (89088K), 10 survivors (10240K)
 Metaspace       used 34585K, capacity 35422K, committed 35632K, reserved 1081344K
  class space    used 3565K, capacity 3861K, committed 3968K, reserved 1048576K
}

