# JRE version: Java(TM) SE Runtime Environment 18.9 (11.0.9+7) (build 11.0.9+7-LTS)
# Java VM: Java HotSpot(TM) 64-Bit Server VM 18.9 (11.0.9+7-LTS, mixed mode, tiered, compressed oops, g1 gc, windows-amd64)
Heap:
 garbage-first heap   total 247808K, used 45056K [0x0000000740e00000, 0x0000000800000000)
  region size 1024K, 3 young (3072K), 3 survivors (3072K)
 Metaspace       used 32498K, capacity 33197K, committed 33328K, reserved 1079296K
  class space    used 3350K, capacity 3613K, committed 3712K, reserved 1048576K
GC Heap History (10 events):
Event: 0.687 GC heap after
{Heap after GC invocations=1 (full 0):
 garbage-first heap   total 196608K, used 3354K [0x0000000740e00000, 0x0000000800000000)
  region size 1024K, 3 young (3072K), 3 survivors (3072K)
 Metaspace       used 13142K, capacity 13350K, committed 13440K, reserved 1060864K
  class space    used 1318K, capacity 1387K, committed 1408K, reserved 1048576K
}
Event: 2.004 GC heap before
{Heap before GC invocations=1 (full 0):
 garbage-first heap   total 196608K, used 72986K [0x0000000740e00000, 0x0000000800000000)
  region size 1024K, 72 young (73728K), 3 survivors (3072K)
 Metaspace       used 20818K, capacity 21111K, committed 21296K, reserved 1069056K
  class space    used 2201K, capacity 2316K, committed 2432K, reserved 1048576K
}
Event: 2.035 GC heap after
{Heap after GC invocations=2 (full 0):
 garbage-first heap   total 196608K, used 9447K [0x0000000740e00000, 0x0000000800000000)
  region size 1024K, 9 young (9216K), 9 survivors (9216K)
 Metaspace       used 20818K, capacity 21111K, committed 21296K, reserved 1069056K
  class space    used 2201K, capacity 2316K, committed 2432K, reserved 1048576K
}
Event: 2.973 GC heap before
{Heap before GC invocations=3 (full 0):
 garbage-first heap   total 196608K, used 84199K [0x0000000740e00000, 0x0000000800000000)
  region size 1024K, 82 young (83968K), 9 survivors (9216K)
 Metaspace       used 21852K, capacity 22152K, committed 22320K, reserved 1069056K
  class space    used 2239K, capacity 2359K, committed 2432K, reserved 1048576K
}
Event: 2.989 GC heap after
{Heap after GC invocations=4 (full 0):
 garbage-first heap   total 196608K, used 13975K [0x0000000740e00000, 0x0000000800000000)
  region size 1024K, 5 young (5120K), 5 survivors (5120K)
 Metaspace       used 21852K, capacity 22152K, committed 22320K, reserved 1069056K
  class space    used 2239K, capacity 2359K, committed 2432K, reserved 1048576K
}
Event: 5.280 GC heap before
{Heap before GC invocations=4 (full 0):
 garbage-first heap   total 196608K, used 105111K [0x0000000740e00000, 0x0000000800000000)
  region size 1024K, 94 young (96256K), 5 survivors (5120K)
 Metaspace       used 25099K, capacity 25652K, committed 25776K, reserved 1073152K
  class space    used 2587K, capacity 2787K, committed 2816K, reserved 1048576K
}
Event: 5.288 GC heap after
{Heap after GC invocations=5 (full 0):
 garbage-first heap   total 196608K, used 16051K [0x0000000740e00000, 0x0000000800000000)
  region size 1024K, 7 young (7168K), 7 survivors (7168K)
 Metaspace       used 25099K, capacity 25652K, committed 25776K, reserved 1073152K
  class space    used 2587K, capacity 2787K, committed 2816K, reserved 1048576K
}
Event: 8.036 GC heap before
{Heap before GC invocations=5 (full 0):
 garbage-first heap   total 196608K, used 127667K [0x0000000740e00000, 0x0000000800000000)
  region size 1024K, 115 young (117760K), 7 survivors (7168K)
 Metaspace       used 32396K, capacity 33056K, committed 33328K, reserved 1079296K
  class space    used 3349K, capacity 3613K, committed 3712K, reserved 1048576K
}
Event: 8.089 GC heap after
{Heap after GC invocations=6 (full 0):
 garbage-first heap   total 196608K, used 40960K [0x0000000740e00000, 0x0000000800000000)
  region size 1024K, 15 young (15360K), 15 survivors (15360K)
 Metaspace       used 32396K, capacity 33056K, committed 33328K, reserved 1079296K
  class space    used 3349K, capacity 3613K, committed 3712K, reserved 1048576K
}
Event: 8.164 GC heap before
{Heap before GC invocations=6 (full 0):
 garbage-first heap   total 196608K, used 48128K [0x0000000740e00000, 0x0000000800000000)
  region size 1024K, 22 young (22528K), 15 survivors (15360K)
 Metaspace       used 32498K, capacity 33197K, committed 33328K, reserved 1079296K
  class space    used 3350K, capacity 3613K, committed 3712K, reserved 1048576K
}

